[18:09:38] [ServerMain/INFO]: Building unoptimized datafixer
[18:09:38] [ServerMain/INFO]: Environment: authHost='https://authserver.mojang.com', accountsHost='https://api.mojang.com', sessionHost='https://sessionserver.mojang.com', servicesHost='https://api.minecraftservices.com', name='PROD'
[18:09:39] [ServerMain/INFO]: Loaded 7 recipes
[18:09:39] [ServerMain/INFO]: Loaded 1179 advancements
[18:09:40] [Server thread/INFO]: Starting minecraft server version 1.19
[18:09:40] [Server thread/INFO]: Loading properties
[18:09:40] [Server thread/INFO]: Default game type: SURVIVAL
[18:09:40] [Server thread/INFO]: Generating keypair
[18:09:40] [Server thread/INFO]: Starting Minecraft server on *:25565
[18:09:41] [Server thread/INFO]: Using default channel type
[18:09:41] [Server thread/INFO]: Preparing level "world"
[18:09:41] [Server thread/INFO]: Preparing start region for dimension minecraft:overworld
[18:09:44] [Worker-Main-3/INFO]: Preparing spawn area: 0%
[18:09:44] [Worker-Main-9/INFO]: Preparing spawn area: 0%
[18:09:44] [Worker-Main-2/INFO]: Preparing spawn area: 0%
[18:09:44] [Worker-Main-9/INFO]: Preparing spawn area: 0%
[18:09:44] [Worker-Main-5/INFO]: Preparing spawn area: 0%
[18:09:44] [Worker-Main-9/INFO]: Preparing spawn area: 0%
[18:09:44] [Worker-Main-11/INFO]: Preparing spawn area: 0%
[18:09:44] [Worker-Main-8/INFO]: Preparing spawn area: 31%
[18:09:45] [Server thread/INFO]: Time elapsed: 3876 ms
[18:09:45] [Server thread/INFO]: Done (4.031s)! For help, type "help"
[18:13:34] [Server thread/INFO]: Stopping the server
[18:13:34] [Server thread/INFO]: Stopping server
[18:13:34] [Server thread/INFO]: Saving players
[18:13:34] [Server thread/INFO]: Saving worlds
[18:13:35] [Server thread/INFO]: Saving chunks for level 'ServerLevel[world]'/minecraft:overworld
[18:13:35] [Server thread/INFO]: Saving chunks for level 'ServerLevel[world]'/minecraft:the_end
[18:13:35] [Server thread/INFO]: Saving chunks for level 'ServerLevel[world]'/minecraft:the_nether
[18:13:35] [Server thread/INFO]: ThreadedAnvilChunkStorage (world): All chunks are saved
[18:13:35] [Server thread/INFO]: ThreadedAnvilChunkStorage (DIM1): All chunks are saved
[18:13:35] [Server thread/INFO]: ThreadedAnvilChunkStorage (DIM-1): All chunks are saved
[18:13:35] [Server thread/INFO]: ThreadedAnvilChunkStorage: All dimensions are saved
